
> rest-express@1.0.0 dev
> NODE_ENV=development tsx server/index.ts

DATABASE_URL not set. Database features will be disabled.
Database seeded with example requests
7:57:18 AM [express] serving on port 5000
7:59:01 AM [express] GET /api/auth/user 200 in 2ms :: {"id":"local-admin","email":"local@admin","firstName":"Local","lastName":"Admin","profileImageUrl":null,"createdAt":"2026-01-16T12:59:01.032Z","updatedAt":"2026-01-16T12:59:01.032Z"}
8:12:11 AM [vite] (client) hmr update /src/styles/graff.css
8:13:04 AM [vite] (client) hmr update /src/index.css, /src/components/SpriteClock.tsx
8:35:05 AM [vite] (client) hmr update /src/styles/graff.css
8:38:01 AM [vite] (client) hmr update /src/styles/graff.css
8:45:12 AM [vite] (client) hmr update /src/styles/graff.css
8:52:08 AM [express] GET /api/auth/user 200 in 0ms :: {"id":"local-admin","email":"local@admin","firstName":"Local","lastName":"Admin","profileImageUrl":null,"createdAt":"2026-01-16T13:52:08.398Z","updatedAt":"2026-01-16T13:52:08.398Z"}
8:58:34 AM [vite] (client) hmr update /src/styles/graff.css
9:04:02 AM [express] GET /api/auth/user 200 in 1ms :: {"id":"local-admin","email":"local@admin","firstName":"Local","lastName":"Admin","profileImageUrl":null,"createdAt":"2026-01-16T14:04:02.990Z","updatedAt":"2026-01-16T14:04:02.990Z"}
9:11:17 AM [express] GET /api/auth/user 200 in 1ms :: {"id":"local-admin","email":"local@admin","firstName":"Local","lastName":"Admin","profileImageUrl":null,"createdAt":"2026-01-16T14:11:17.516Z","updatedAt":"2026-01-16T14:11:17.516Z"}
9:11:18 AM [vite] (client) hmr update /src/styles/graff.css
9:12:15 AM [express] GET /api/auth/user 200 in 1ms :: {"id":"local-admin","email":"local@admin","firstName":"Local","lastName":"Admin","profileImageUrl":null,"createdAt":"2026-01-16T14:12:15.708Z","updatedAt":"2026-01-16T14:12:15.708Z"}
9:14:25 AM [express] GET /api/auth/user 200 in 0ms :: {"id":"local-admin","email":"local@admin","firstName":"Local","lastName":"Admin","profileImageUrl":null,"createdAt":"2026-01-16T14:14:25.524Z","updatedAt":"2026-01-16T14:14:25.524Z"}
9:15:39 AM [express] GET /api/auth/user 200 in 1ms :: {"id":"local-admin","email":"local@admin","firstName":"Local","lastName":"Admin","profileImageUrl":null,"createdAt":"2026-01-16T14:15:39.728Z","updatedAt":"2026-01-16T14:15:39.728Z"}
9:21:59 AM [express] GET /api/auth/user 200 in 0ms :: {"id":"local-admin","email":"local@admin","firstName":"Local","lastName":"Admin","profileImageUrl":null,"createdAt":"2026-01-16T14:21:59.352Z","updatedAt":"2026-01-16T14:21:59.352Z"}
9:22:08 AM [vite] (client) hmr update /src/pages/Home.tsx, /src/index.css
9:25:27 AM [express] GET /api/auth/user 200 in 2ms :: {"id":"local-admin","email":"local@admin","firstName":"Local","lastName":"Admin","profileImageUrl":null,"createdAt":"2026-01-16T14:25:27.516Z","updatedAt":"2026-01-16T14:25:27.516Z"}
9:26:07 AM [vite] (client) hmr update /src/pages/Home.tsx, /src/index.css
9:28:48 AM [vite] (client) hmr update /src/styles/graff.css
9:29:42 AM [vite] (client) hmr update /src/index.css, /src/components/SpriteClock.tsx
9:30:39 AM [vite] (client) hmr update /src/styles/graff.css
9:34:11 AM [express] GET /api/auth/user 200 in 1ms :: {"id":"local-admin","email":"local@admin","firstName":"Local","lastName":"Admin","profileImageUrl":null,"createdAt":"2026-01-16T14:34:11.765Z","updatedAt":"2026-01-16T14:34:11.765Z"}
9:36:58 AM [express] GET /api/auth/user 200 in 1ms :: {"id":"local-admin","email":"local@admin","firstName":"Local","lastName":"Admin","profileImageUrl":null,"createdAt":"2026-01-16T14:36:58.099Z","updatedAt":"2026-01-16T14:36:58.099Z"}
9:39:05 AM [vite] (client) hmr update /src/pages/Home.tsx, /src/index.css
9:40:54 AM [vite] (client) hmr update /src/styles/graff.css
9:42:42 AM [vite] (client) hmr update /src/styles/graff.css
9:49:13 AM [vite] (client) hmr update /src/pages/SubmitRequest.tsx, /src/index.css
9:49:24 AM [express] GET /api/auth/user 200 in 0ms :: {"id":"local-admin","email":"local@admin","firstName":"Local","lastName":"Admin","profileImageUrl":null,"createdAt":"2026-01-16T14:49:24.170Z","updatedAt":"2026-01-16T14:49:24.170Z"}
10:27:14 AM [vite] (client) hmr update /src/styles/graff.css
11:03:33 AM [express] GET /api/requests 200 in 84ms :: [{"id":1,"customerName":"John Doe","contactInfo":"555-0123","vehicleInfo":"2018 Ford F-150","vehicleColor":null,"mileage":null,"description":"Oil change and tire rotation needed.","status":"pending","isUrgent":false,"workDone":null,"partsUsed":null,"createdAt":"2026-01-16T12:57:18.330Z","updatedAt":"2026-01-16T12:57:18.330Z"},{"id":2,"customerName":"Alice Smith","contactInfo":"alice@example.com","vehicleInfo":"2020 Peterbilt 579","vehicleColor":null,"mileage":null,"description":"Check engine light is on. Losing power on hills.","status":"pending","isUrgent":true,"workDone":null,"partsUsed":null,"createdAt":"2026-01-16T12:57:18.330Z","updatedAt":"2026-01-16T12:57:18.330Z"}]
11:03:33 AM [express] GET /api/auth/user 200 in 2ms :: {"id":"local-admin","email":"local@admin","firstName":"Local","lastName":"Admin","profileImageUrl":null,"createdAt":"2026-01-20T16:03:33.707Z","updatedAt":"2026-01-20T16:03:33.707Z"}
4:02:37 PM [vite] (client) hmr update /src/pages/SubmitRequest.tsx, /src/pages/Dashboard.tsx
4:06:23 PM [vite] (client) hmr update /src/pages/Dashboard.tsx, /src/index.css
5:26:58 AM [express] GET /api/auth/user 200 in 0ms :: {"id":"local-admin","email":"local@admin","firstName":"Local","lastName":"Admin","profileImageUrl":null,"createdAt":"2026-01-31T10:26:58.389Z","updatedAt":"2026-01-31T10:26:58.389Z"}
5:27:21 AM [express] GET /api/requests 200 in 1ms :: [{"id":1,"customerName":"John Doe","contactInfo":"555-0123","vehicleInfo":"2018 Ford F-150","vehicleColor":null,"mileage":null,"description":"Oil change and tire rotation needed.","status":"pending","isUrgent":false,"workDone":null,"partsUsed":null,"createdAt":"2026-01-16T12:57:18.330Z","updatedAt":"2026-01-16T12:57:18.330Z"},{"id":2,"customerName":"Alice Smith","contactInfo":"alice@example.com","vehicleInfo":"2020 Peterbilt 579","vehicleColor":null,"mileage":null,"description":"Check engine light is on. Losing power on hills.","status":"pending","isUrgent":true,"workDone":null,"partsUsed":null,"createdAt":"2026-01-16T12:57:18.330Z","updatedAt":"2026-01-16T12:57:18.330Z"}]
5:31:07 AM [express] GET /api/auth/user 200 in 0ms :: {"id":"local-admin","email":"local@admin","firstName":"Local","lastName":"Admin","profileImageUrl":null,"createdAt":"2026-01-31T10:31:07.150Z","updatedAt":"2026-01-31T10:31:07.150Z"}
5:31:07 AM [express] GET /api/requests 304 in 5ms :: [{"id":1,"customerName":"John Doe","contactInfo":"555-0123","vehicleInfo":"2018 Ford F-150","vehicleColor":null,"mileage":null,"description":"Oil change and tire rotation needed.","status":"pending","isUrgent":false,"workDone":null,"partsUsed":null,"createdAt":"2026-01-16T12:57:18.330Z","updatedAt":"2026-01-16T12:57:18.330Z"},{"id":2,"customerName":"Alice Smith","contactInfo":"alice@example.com","vehicleInfo":"2020 Peterbilt 579","vehicleColor":null,"mileage":null,"description":"Check engine light is on. Losing power on hills.","status":"pending","isUrgent":true,"workDone":null,"partsUsed":null,"createdAt":"2026-01-16T12:57:18.330Z","updatedAt":"2026-01-16T12:57:18.330Z"}]
5:31:56 AM [express] GET /api/auth/user 200 in 0ms :: {"id":"local-admin","email":"local@admin","firstName":"Local","lastName":"Admin","profileImageUrl":null,"createdAt":"2026-01-31T10:31:56.861Z","updatedAt":"2026-01-31T10:31:56.861Z"}
5:31:56 AM [express] GET /api/requests 304 in 0ms :: [{"id":1,"customerName":"John Doe","contactInfo":"555-0123","vehicleInfo":"2018 Ford F-150","vehicleColor":null,"mileage":null,"description":"Oil change and tire rotation needed.","status":"pending","isUrgent":false,"workDone":null,"partsUsed":null,"createdAt":"2026-01-16T12:57:18.330Z","updatedAt":"2026-01-16T12:57:18.330Z"},{"id":2,"customerName":"Alice Smith","contactInfo":"alice@example.com","vehicleInfo":"2020 Peterbilt 579","vehicleColor":null,"mileage":null,"description":"Check engine light is on. Losing power on hills.","status":"pending","isUrgent":true,"workDone":null,"partsUsed":null,"createdAt":"2026-01-16T12:57:18.330Z","updatedAt":"2026-01-16T12:57:18.330Z"}]
5:32:08 AM [express] GET /api/auth/user 200 in 1ms :: {"id":"local-admin","email":"local@admin","firstName":"Local","lastName":"Admin","profileImageUrl":null,"createdAt":"2026-01-31T10:32:08.082Z","updatedAt":"2026-01-31T10:32:08.082Z"}
5:32:08 AM [express] GET /api/requests 304 in 0ms :: [{"id":1,"customerName":"John Doe","contactInfo":"555-0123","vehicleInfo":"2018 Ford F-150","vehicleColor":null,"mileage":null,"description":"Oil change and tire rotation needed.","status":"pending","isUrgent":false,"workDone":null,"partsUsed":null,"createdAt":"2026-01-16T12:57:18.330Z","updatedAt":"2026-01-16T12:57:18.330Z"},{"id":2,"customerName":"Alice Smith","contactInfo":"alice@example.com","vehicleInfo":"2020 Peterbilt 579","vehicleColor":null,"mileage":null,"description":"Check engine light is on. Losing power on hills.","status":"pending","isUrgent":true,"workDone":null,"partsUsed":null,"createdAt":"2026-01-16T12:57:18.330Z","updatedAt":"2026-01-16T12:57:18.330Z"}]
5:33:14 AM [express] GET /api/auth/user 200 in 0ms :: {"id":"local-admin","email":"local@admin","firstName":"Local","lastName":"Admin","profileImageUrl":null,"createdAt":"2026-01-31T10:33:14.820Z","updatedAt":"2026-01-31T10:33:14.820Z"}
5:33:14 AM [express] GET /api/requests 304 in 0ms :: [{"id":1,"customerName":"John Doe","contactInfo":"555-0123","vehicleInfo":"2018 Ford F-150","vehicleColor":null,"mileage":null,"description":"Oil change and tire rotation needed.","status":"pending","isUrgent":false,"workDone":null,"partsUsed":null,"createdAt":"2026-01-16T12:57:18.330Z","updatedAt":"2026-01-16T12:57:18.330Z"},{"id":2,"customerName":"Alice Smith","contactInfo":"alice@example.com","vehicleInfo":"2020 Peterbilt 579","vehicleColor":null,"mileage":null,"description":"Check engine light is on. Losing power on hills.","status":"pending","isUrgent":true,"workDone":null,"partsUsed":null,"createdAt":"2026-01-16T12:57:18.330Z","updatedAt":"2026-01-16T12:57:18.330Z"}]
5:34:44 AM [express] GET /api/auth/user 200 in 1ms :: {"id":"local-admin","email":"local@admin","firstName":"Local","lastName":"Admin","profileImageUrl":null,"createdAt":"2026-01-31T10:34:44.399Z","updatedAt":"2026-01-31T10:34:44.399Z"}
5:34:44 AM [express] GET /api/requests 304 in 0ms :: [{"id":1,"customerName":"John Doe","contactInfo":"555-0123","vehicleInfo":"2018 Ford F-150","vehicleColor":null,"mileage":null,"description":"Oil change and tire rotation needed.","status":"pending","isUrgent":false,"workDone":null,"partsUsed":null,"createdAt":"2026-01-16T12:57:18.330Z","updatedAt":"2026-01-16T12:57:18.330Z"},{"id":2,"customerName":"Alice Smith","contactInfo":"alice@example.com","vehicleInfo":"2020 Peterbilt 579","vehicleColor":null,"mileage":null,"description":"Check engine light is on. Losing power on hills.","status":"pending","isUrgent":true,"workDone":null,"partsUsed":null,"createdAt":"2026-01-16T12:57:18.330Z","updatedAt":"2026-01-16T12:57:18.330Z"}]
5:34:53 AM [express] GET /api/auth/user 200 in 0ms :: {"id":"local-admin","email":"local@admin","firstName":"Local","lastName":"Admin","profileImageUrl":null,"createdAt":"2026-01-31T10:34:53.338Z","updatedAt":"2026-01-31T10:34:53.338Z"}
5:34:53 AM [express] GET /api/requests 304 in 1ms :: [{"id":1,"customerName":"John Doe","contactInfo":"555-0123","vehicleInfo":"2018 Ford F-150","vehicleColor":null,"mileage":null,"description":"Oil change and tire rotation needed.","status":"pending","isUrgent":false,"workDone":null,"partsUsed":null,"createdAt":"2026-01-16T12:57:18.330Z","updatedAt":"2026-01-16T12:57:18.330Z"},{"id":2,"customerName":"Alice Smith","contactInfo":"alice@example.com","vehicleInfo":"2020 Peterbilt 579","vehicleColor":null,"mileage":null,"description":"Check engine light is on. Losing power on hills.","status":"pending","isUrgent":true,"workDone":null,"partsUsed":null,"createdAt":"2026-01-16T12:57:18.330Z","updatedAt":"2026-01-16T12:57:18.330Z"}]
5:36:53 AM [express] GET /api/auth/user 200 in 1ms :: {"id":"local-admin","email":"local@admin","firstName":"Local","lastName":"Admin","profileImageUrl":null,"createdAt":"2026-01-31T10:36:53.067Z","updatedAt":"2026-01-31T10:36:53.067Z"}
5:36:53 AM [express] GET /api/requests 304 in 1ms :: [{"id":1,"customerName":"John Doe","contactInfo":"555-0123","vehicleInfo":"2018 Ford F-150","vehicleColor":null,"mileage":null,"description":"Oil change and tire rotation needed.","status":"pending","isUrgent":false,"workDone":null,"partsUsed":null,"createdAt":"2026-01-16T12:57:18.330Z","updatedAt":"2026-01-16T12:57:18.330Z"},{"id":2,"customerName":"Alice Smith","contactInfo":"alice@example.com","vehicleInfo":"2020 Peterbilt 579","vehicleColor":null,"mileage":null,"description":"Check engine light is on. Losing power on hills.","status":"pending","isUrgent":true,"workDone":null,"partsUsed":null,"createdAt":"2026-01-16T12:57:18.330Z","updatedAt":"2026-01-16T12:57:18.330Z"}]
5:36:54 AM [express] GET /api/auth/user 200 in 1ms :: {"id":"local-admin","email":"local@admin","firstName":"Local","lastName":"Admin","profileImageUrl":null,"createdAt":"2026-01-31T10:36:54.800Z","updatedAt":"2026-01-31T10:36:54.800Z"}
5:36:54 AM [express] GET /api/requests 304 in 0ms :: [{"id":1,"customerName":"John Doe","contactInfo":"555-0123","vehicleInfo":"2018 Ford F-150","vehicleColor":null,"mileage":null,"description":"Oil change and tire rotation needed.","status":"pending","isUrgent":false,"workDone":null,"partsUsed":null,"createdAt":"2026-01-16T12:57:18.330Z","updatedAt":"2026-01-16T12:57:18.330Z"},{"id":2,"customerName":"Alice Smith","contactInfo":"alice@example.com","vehicleInfo":"2020 Peterbilt 579","vehicleColor":null,"mileage":null,"description":"Check engine light is on. Losing power on hills.","status":"pending","isUrgent":true,"workDone":null,"partsUsed":null,"createdAt":"2026-01-16T12:57:18.330Z","updatedAt":"2026-01-16T12:57:18.330Z"}]
5:37:54 AM [express] GET /api/auth/user 200 in 0ms :: {"id":"local-admin","email":"local@admin","firstName":"Local","lastName":"Admin","profileImageUrl":null,"createdAt":"2026-01-31T10:37:54.894Z","updatedAt":"2026-01-31T10:37:54.894Z"}
5:37:54 AM [express] GET /api/requests 304 in 1ms :: [{"id":1,"customerName":"John Doe","contactInfo":"555-0123","vehicleInfo":"2018 Ford F-150","vehicleColor":null,"mileage":null,"description":"Oil change and tire rotation needed.","status":"pending","isUrgent":false,"workDone":null,"partsUsed":null,"createdAt":"2026-01-16T12:57:18.330Z","updatedAt":"2026-01-16T12:57:18.330Z"},{"id":2,"customerName":"Alice Smith","contactInfo":"alice@example.com","vehicleInfo":"2020 Peterbilt 579","vehicleColor":null,"mileage":null,"description":"Check engine light is on. Losing power on hills.","status":"pending","isUrgent":true,"workDone":null,"partsUsed":null,"createdAt":"2026-01-16T12:57:18.330Z","updatedAt":"2026-01-16T12:57:18.330Z"}]
5:38:41 AM [express] GET /api/auth/user 200 in 1ms :: {"id":"local-admin","email":"local@admin","firstName":"Local","lastName":"Admin","profileImageUrl":null,"createdAt":"2026-01-31T10:38:41.339Z","updatedAt":"2026-01-31T10:38:41.339Z"}
5:38:41 AM [express] GET /api/requests 304 in 0ms :: [{"id":1,"customerName":"John Doe","contactInfo":"555-0123","vehicleInfo":"2018 Ford F-150","vehicleColor":null,"mileage":null,"description":"Oil change and tire rotation needed.","status":"pending","isUrgent":false,"workDone":null,"partsUsed":null,"createdAt":"2026-01-16T12:57:18.330Z","updatedAt":"2026-01-16T12:57:18.330Z"},{"id":2,"customerName":"Alice Smith","contactInfo":"alice@example.com","vehicleInfo":"2020 Peterbilt 579","vehicleColor":null,"mileage":null,"description":"Check engine light is on. Losing power on hills.","status":"pending","isUrgent":true,"workDone":null,"partsUsed":null,"createdAt":"2026-01-16T12:57:18.330Z","updatedAt":"2026-01-16T12:57:18.330Z"}]
5:39:31 AM [express] GET /api/auth/user 200 in 0ms :: {"id":"local-admin","email":"local@admin","firstName":"Local","lastName":"Admin","profileImageUrl":null,"createdAt":"2026-01-31T10:39:31.901Z","updatedAt":"2026-01-31T10:39:31.901Z"}
5:39:34 AM [express] GET /api/requests 304 in 1ms :: [{"id":1,"customerName":"John Doe","contactInfo":"555-0123","vehicleInfo":"2018 Ford F-150","vehicleColor":null,"mileage":null,"description":"Oil change and tire rotation needed.","status":"pending","isUrgent":false,"workDone":null,"partsUsed":null,"createdAt":"2026-01-16T12:57:18.330Z","updatedAt":"2026-01-16T12:57:18.330Z"},{"id":2,"customerName":"Alice Smith","contactInfo":"alice@example.com","vehicleInfo":"2020 Peterbilt 579","vehicleColor":null,"mileage":null,"description":"Check engine light is on. Losing power on hills.","status":"pending","isUrgent":true,"workDone":null,"partsUsed":null,"createdAt":"2026-01-16T12:57:18.330Z","updatedAt":"2026-01-16T12:57:18.330Z"}]
5:42:17 AM [express] GET /api/auth/user 200 in 0ms :: {"id":"local-admin","email":"local@admin","firstName":"Local","lastName":"Admin","profileImageUrl":null,"createdAt":"2026-01-31T10:42:17.537Z","updatedAt":"2026-01-31T10:42:17.537Z"}
5:42:17 AM [express] GET /api/requests 304 in 1ms :: [{"id":1,"customerName":"John Doe","contactInfo":"555-0123","vehicleInfo":"2018 Ford F-150","vehicleColor":null,"mileage":null,"description":"Oil change and tire rotation needed.","status":"pending","isUrgent":false,"workDone":null,"partsUsed":null,"createdAt":"2026-01-16T12:57:18.330Z","updatedAt":"2026-01-16T12:57:18.330Z"},{"id":2,"customerName":"Alice Smith","contactInfo":"alice@example.com","vehicleInfo":"2020 Peterbilt 579","vehicleColor":null,"mileage":null,"description":"Check engine light is on. Losing power on hills.","status":"pending","isUrgent":true,"workDone":null,"partsUsed":null,"createdAt":"2026-01-16T12:57:18.330Z","updatedAt":"2026-01-16T12:57:18.330Z"}]
5:42:44 AM [express] GET /api/auth/user 200 in 0ms :: {"id":"local-admin","email":"local@admin","firstName":"Local","lastName":"Admin","profileImageUrl":null,"createdAt":"2026-01-31T10:42:44.470Z","updatedAt":"2026-01-31T10:42:44.470Z"}
5:42:44 AM [express] GET /api/requests 304 in 0ms :: [{"id":1,"customerName":"John Doe","contactInfo":"555-0123","vehicleInfo":"2018 Ford F-150","vehicleColor":null,"mileage":null,"description":"Oil change and tire rotation needed.","status":"pending","isUrgent":false,"workDone":null,"partsUsed":null,"createdAt":"2026-01-16T12:57:18.330Z","updatedAt":"2026-01-16T12:57:18.330Z"},{"id":2,"customerName":"Alice Smith","contactInfo":"alice@example.com","vehicleInfo":"2020 Peterbilt 579","vehicleColor":null,"mileage":null,"description":"Check engine light is on. Losing power on hills.","status":"pending","isUrgent":true,"workDone":null,"partsUsed":null,"createdAt":"2026-01-16T12:57:18.330Z","updatedAt":"2026-01-16T12:57:18.330Z"}]
5:44:16 AM [express] GET /api/auth/user 200 in 1ms :: {"id":"local-admin","email":"local@admin","firstName":"Local","lastName":"Admin","profileImageUrl":null,"createdAt":"2026-01-31T10:44:16.142Z","updatedAt":"2026-01-31T10:44:16.142Z"}
5:44:27 AM [express] GET /api/requests 304 in 1ms :: [{"id":1,"customerName":"John Doe","contactInfo":"555-0123","vehicleInfo":"2018 Ford F-150","vehicleColor":null,"mileage":null,"description":"Oil change and tire rotation needed.","status":"pending","isUrgent":false,"workDone":null,"partsUsed":null,"createdAt":"2026-01-16T12:57:18.330Z","updatedAt":"2026-01-16T12:57:18.330Z"},{"id":2,"customerName":"Alice Smith","contactInfo":"alice@example.com","vehicleInfo":"2020 Peterbilt 579","vehicleColor":null,"mileage":null,"description":"Check engine light is on. Losing power on hills.","status":"pending","isUrgent":true,"workDone":null,"partsUsed":null,"createdAt":"2026-01-16T12:57:18.330Z","updatedAt":"2026-01-16T12:57:18.330Z"}]
5:46:30 AM [express] GET /api/auth/user 200 in 1ms :: {"id":"local-admin","email":"local@admin","firstName":"Local","lastName":"Admin","profileImageUrl":null,"createdAt":"2026-01-31T10:46:30.734Z","updatedAt":"2026-01-31T10:46:30.734Z"}
5:46:30 AM [express] GET /api/requests 304 in 0ms :: [{"id":1,"customerName":"John Doe","contactInfo":"555-0123","vehicleInfo":"2018 Ford F-150","vehicleColor":null,"mileage":null,"description":"Oil change and tire rotation needed.","status":"pending","isUrgent":false,"workDone":null,"partsUsed":null,"createdAt":"2026-01-16T12:57:18.330Z","updatedAt":"2026-01-16T12:57:18.330Z"},{"id":2,"customerName":"Alice Smith","contactInfo":"alice@example.com","vehicleInfo":"2020 Peterbilt 579","vehicleColor":null,"mileage":null,"description":"Check engine light is on. Losing power on hills.","status":"pending","isUrgent":true,"workDone":null,"partsUsed":null,"createdAt":"2026-01-16T12:57:18.330Z","updatedAt":"2026-01-16T12:57:18.330Z"}]
5:47:19 AM [express] GET /api/auth/user 200 in 0ms :: {"id":"local-admin","email":"local@admin","firstName":"Local","lastName":"Admin","profileImageUrl":null,"createdAt":"2026-01-31T10:47:19.236Z","updatedAt":"2026-01-31T10:47:19.236Z"}
5:47:19 AM [express] GET /api/requests 304 in 1ms :: [{"id":1,"customerName":"John Doe","contactInfo":"555-0123","vehicleInfo":"2018 Ford F-150","vehicleColor":null,"mileage":null,"description":"Oil change and tire rotation needed.","status":"pending","isUrgent":false,"workDone":null,"partsUsed":null,"createdAt":"2026-01-16T12:57:18.330Z","updatedAt":"2026-01-16T12:57:18.330Z"},{"id":2,"customerName":"Alice Smith","contactInfo":"alice@example.com","vehicleInfo":"2020 Peterbilt 579","vehicleColor":null,"mileage":null,"description":"Check engine light is on. Losing power on hills.","status":"pending","isUrgent":true,"workDone":null,"partsUsed":null,"createdAt":"2026-01-16T12:57:18.330Z","updatedAt":"2026-01-16T12:57:18.330Z"}]
5:47:32 AM [express] GET /api/auth/user 200 in 0ms :: {"id":"local-admin","email":"local@admin","firstName":"Local","lastName":"Admin","profileImageUrl":null,"createdAt":"2026-01-31T10:47:32.320Z","updatedAt":"2026-01-31T10:47:32.320Z"}
5:47:34 AM [express] GET /api/requests 304 in 0ms :: [{"id":1,"customerName":"John Doe","contactInfo":"555-0123","vehicleInfo":"2018 Ford F-150","vehicleColor":null,"mileage":null,"description":"Oil change and tire rotation needed.","status":"pending","isUrgent":false,"workDone":null,"partsUsed":null,"createdAt":"2026-01-16T12:57:18.330Z","updatedAt":"2026-01-16T12:57:18.330Z"},{"id":2,"customerName":"Alice Smith","contactInfo":"alice@example.com","vehicleInfo":"2020 Peterbilt 579","vehicleColor":null,"mileage":null,"description":"Check engine light is on. Losing power on hills.","status":"pending","isUrgent":true,"workDone":null,"partsUsed":null,"createdAt":"2026-01-16T12:57:18.330Z","updatedAt":"2026-01-16T12:57:18.330Z"}]
6:09:44 AM [express] GET /api/auth/user 200 in 1ms :: {"id":"local-admin","email":"local@admin","firstName":"Local","lastName":"Admin","profileImageUrl":null,"createdAt":"2026-01-31T11:09:44.152Z","updatedAt":"2026-01-31T11:09:44.152Z"}
6:09:47 AM [express] GET /api/requests 304 in 1ms :: [{"id":1,"customerName":"John Doe","contactInfo":"555-0123","vehicleInfo":"2018 Ford F-150","vehicleColor":null,"mileage":null,"description":"Oil change and tire rotation needed.","status":"pending","isUrgent":false,"workDone":null,"partsUsed":null,"createdAt":"2026-01-16T12:57:18.330Z","updatedAt":"2026-01-16T12:57:18.330Z"},{"id":2,"customerName":"Alice Smith","contactInfo":"alice@example.com","vehicleInfo":"2020 Peterbilt 579","vehicleColor":null,"mileage":null,"description":"Check engine light is on. Losing power on hills.","status":"pending","isUrgent":true,"workDone":null,"partsUsed":null,"createdAt":"2026-01-16T12:57:18.330Z","updatedAt":"2026-01-16T12:57:18.330Z"}]
6:10:29 AM [express] GET /api/auth/user 200 in 0ms :: {"id":"local-admin","email":"local@admin","firstName":"Local","lastName":"Admin","profileImageUrl":null,"createdAt":"2026-01-31T11:10:29.686Z","updatedAt":"2026-01-31T11:10:29.686Z"}
6:12:55 AM [vite] (client) hmr update /src/pages/SubmitRequest.tsx, /src/pages/Dashboard.tsx, /src/components/InvoiceDialog.tsx
6:13:05 AM [vite] (client) hmr update /src/pages/Dashboard.tsx, /src/pages/SubmitRequest.tsx, /src/components/InvoiceDialog.tsx
6:14:13 AM [vite] (client) hmr update /src/App.tsx, /src/index.css
6:14:18 AM [vite] (client) hmr update /src/pages/Dashboard.tsx, /src/index.css
6:39:49 AM [vite] (client) hmr update /src/App.tsx, /src/index.css
6:39:49 AM [vite] (client) hmr update /src/components/Navbar.tsx, /src/index.css
6:39:49 AM [vite] (client) hmr update /src/pages/Dashboard.tsx, /src/index.css
6:39:49 AM [vite] (client) hmr update /src/pages/Home.tsx, /src/index.css
6:39:49 AM [vite] (client) hmr update /src/pages/Dashboard.tsx, /src/pages/SubmitRequest.tsx, /src/components/InvoiceDialog.tsx
6:39:49 AM [vite] (client) hmr update /src/pages/SubmitRequest.tsx, /src/pages/Dashboard.tsx, /src/components/InvoiceDialog.tsx
6:40:04 AM [vite] (client) hmr update /src/App.tsx, /src/index.css
6:40:04 AM [vite] (client) hmr update /src/components/Navbar.tsx, /src/index.css
6:40:04 AM [vite] (client) hmr update /src/pages/Dashboard.tsx, /src/index.css
6:40:04 AM [vite] (client) hmr update /src/pages/Home.tsx, /src/index.css
6:40:04 AM [vite] (client) hmr update /src/pages/Dashboard.tsx, /src/pages/SubmitRequest.tsx, /src/components/InvoiceDialog.tsx
